#
# A fatal error has been detected by the Java Runtime Environment:
#
#  SIGSEGV (0xb) at pc=0x000000010477a8cc, pid=14132, tid=0x0000000000004203
#
# JRE version: Java(TM) SE Runtime Environment (8.0_171-b11) (build 1.8.0_171-b11)
# Java VM: Java HotSpot(TM) 64-Bit Server VM (25.171-b11 mixed mode bsd-amd64 compressed oops)
# Problematic frame:
# V  [libjvm.dylib+0x3448cc]  JNIHandleBlock::allocate_handle(oopDesc*)+0x150
#
# Failed to write core dump. Core dumps have been disabled. To enable core dumping, try "ulimit -c unlimited" before starting Java again
#
# If you would like to submit a bug report, please visit:
#   http://bugreport.java.com/bugreport/crash.jsp
#

---------------  T H R E A D  ---------------

Current thread (0x00007fa1a7a8c800):  JavaThread "NettyClientWorkerThread_2" [_thread_in_vm, id=16899, stack(0x0000700008a3d000,0x0000700008b3d000)]

siginfo: si_signo: 11 (SIGSEGV), si_code: 1 (SEGV_MAPERR), si_addr: 0x0000000000000001

Registers:
RAX=0x0000000000000001, RBX=0x00007fa1a7464af0, RCX=0x00007fa1a77cf5a0, RDX=0x0000000000000001
RSP=0x0000700008b3b9f0, RBP=0x0000700008b3ba20, RSI=0x00000007b8030ee8, RDI=0x00007fa1a7464af0
R8 =0x0000000000000003, R9 =0x0000700008b3bab8, R10=0x0000000104d2f0c0, R11=0x000000010fbe82c0
R12=0x0000000106898f50, R13=0x00000007b8030ee8, R14=0x0000000104c72210, R15=0x00000007b8030ee8
RIP=0x000000010477a8cc, EFLAGS=0x0000000000010202, ERR=0x0000000000000004
  TRAPNO=0x000000000000000e

Top of Stack: (sp=0x0000700008b3b9f0)
0x0000700008b3b9f0:   0000700008b3ba20 00007fa1a983f800
0x0000700008b3ba00:   0000000106898f50 00000007b8030ee8
0x0000700008b3ba10:   00007fa1a745c4e0 00007fa1a7483e40
0x0000700008b3ba20:   0000700008b3ba40 000000010477a954
0x0000700008b3ba30:   0000000000000003 00000000ffffffff
0x0000700008b3ba40:   0000700008b3ba80 00000001045ef200
0x0000700008b3ba50:   0000700008b3bab8 0000000106898f50
0x0000700008b3ba60:   0000000106898f50 00007fa1a7483e40
0x0000700008b3ba70:   0000700008b3bbb0 00000000000004eb
0x0000700008b3ba80:   0000700008b3bb10 00000001045efdae
0x0000700008b3ba90:   00007fa100000180 0000000104a0aa34
0x0000700008b3baa0:   0000700000000000 00000003ffffffff
0x0000700008b3bab0:   00007fa1a7473930 0000000106898f50
0x0000700008b3bac0:   00007fa1a7a8c800 0000000106898f50
0x0000700008b3bad0:   00007fa1a7a8c800 0000000106898f50
0x0000700008b3bae0:   0000000106898f50 0000000106898f50
0x0000700008b3baf0:   0000000106898f50 0000000000000100
0x0000700008b3bb00:   00007fa1a7a8c801 00000000000004eb
0x0000700008b3bb10:   0000700008b3bc20 00000001045f033b
0x0000700008b3bb20:   0000000000000180 0000000104a0aa34
0x0000700008b3bb30:   00007fa100000000 00007fa1a7474800
0x0000700008b3bb40:   00000180068974a0 0000000104a0aa34
0x0000700008b3bb50:   00007fa1a745cc60 0000700008b3bcc8
0x0000700008b3bb60:   ffffffff08b3bb80 00007fa1a7473930
0x0000700008b3bb70:   00000003a77adeb0 0000700008b3bcd8
0x0000700008b3bb80:   0000000106898f50 00007fa1a7a8c800
0x0000700008b3bb90:   0000000106898f50 00007fa1a7a8c800
0x0000700008b3bba0:   0000000106898f50 00007fa1a7a8c800
0x0000700008b3bbb0:   0000000106898f50 00007fa1a7a8c800
0x0000700008b3bbc0:   0000000106898f50 0000000106898f50
0x0000700008b3bbd0:   0000000106898f50 0000000106898f50
0x0000700008b3bbe0:   0000000106898f50 0000000106898f50 

Instructions: (pc=0x000000010477a8cc)
0x000000010477a8ac:   8d 50 01 89 91 00 01 00 00 4c 89 3c c1 48 8d 04
0x000000010477a8bc:   c1 48 83 c4 08 5b 41 5c 41 5d 41 5e 41 5f 5d c3
0x000000010477a8cc:   48 8b 08 48 89 8b 20 01 00 00 4c 89 38 eb e2 90
0x000000010477a8dc:   55 48 89 e5 41 56 53 48 85 ff 74 34 48 89 fb 48 

Register to memory mapping:

RAX=0x0000000000000001 is an unknown value
RBX=0x00007fa1a7464af0 is a global jni handle
RCX=0x00007fa1a77cf5a0 is a global jni handle
RDX=0x0000000000000001 is an unknown value
RSP=0x0000700008b3b9f0 is pointing into the stack for thread: 0x00007fa1a7a8c800
RBP=0x0000700008b3ba20 is pointing into the stack for thread: 0x00007fa1a7a8c800
RSI=0x00000007b8030ee8 is an oop
sun.misc.Launcher$ExtClassLoader 
 - klass: 'sun/misc/Launcher$ExtClassLoader'
RDI=0x00007fa1a7464af0 is a global jni handle
R8 =0x0000000000000003 is an unknown value
R9 =0x0000700008b3bab8 is pointing into the stack for thread: 0x00007fa1a7a8c800
R10=0x0000000104d2f0c0: _ZN19TemplateInterpreter20_invoke_return_entryE+0 in /Library/Java/JavaVirtualMachines/jdk1.8.0_171.jdk/Contents/Home/jre//lib/server/libjvm.dylib at 0x0000000104436000
R11=0x000000010fbe82c0 is at entry_point+0 in (nmethod*)0x000000010fbe8150
R12={method} {0x0000000106898f50} 'addListener0' '(Lio/netty/util/concurrent/GenericFutureListener;)V' in 'io/netty/util/concurrent/DefaultPromise'
R13=0x00000007b8030ee8 is an oop
sun.misc.Launcher$ExtClassLoader 
 - klass: 'sun/misc/Launcher$ExtClassLoader'
R14=0x0000000104c72210: _ZN18ThreadLocalStorage13_thread_indexE+0 in /Library/Java/JavaVirtualMachines/jdk1.8.0_171.jdk/Contents/Home/jre//lib/server/libjvm.dylib at 0x0000000104436000
R15=0x00000007b8030ee8 is an oop
sun.misc.Launcher$ExtClassLoader 
 - klass: 'sun/misc/Launcher$ExtClassLoader'


Stack: [0x0000700008a3d000,0x0000700008b3d000],  sp=0x0000700008b3b9f0,  free space=1018k
Native frames: (J=compiled Java code, j=interpreted, Vv=VM code, C=native code)
V  [libjvm.dylib+0x3448cc]  JNIHandleBlock::allocate_handle(oopDesc*)+0x150
V  [libjvm.dylib+0x344954]  JNIHandles::make_global(Handle)+0x30
V  [libjvm.dylib+0x1b9200]  CompileTask::initialize(int, methodHandle, int, int, methodHandle, int, char const*, bool)+0x78
V  [libjvm.dylib+0x1b9dae]  CompileBroker::create_compile_task(CompileQueue*, int, methodHandle, int, int, methodHandle, int, char const*, bool)+0xea
V  [libjvm.dylib+0x1ba33b]  CompileBroker::compile_method_base(methodHandle, int, int, methodHandle, int, char const*, Thread*)+0x509
V  [libjvm.dylib+0x1baab9]  CompileBroker::compile_method(methodHandle, int, int, methodHandle, int, char const*, Thread*)+0x6db
V  [libjvm.dylib+0xa114c]  AdvancedThresholdPolicy::submit_compile(methodHandle, int, CompLevel, JavaThread*)+0x10e
V  [libjvm.dylib+0x50564c]  SimpleThresholdPolicy::compile(methodHandle, int, CompLevel, JavaThread*)+0x4bc
V  [libjvm.dylib+0xa26cd]  AdvancedThresholdPolicy::method_invocation_event(methodHandle, methodHandle, CompLevel, nmethod*, JavaThread*)+0x2af
V  [libjvm.dylib+0x505e23]  SimpleThresholdPolicy::event(methodHandle, methodHandle, int, int, CompLevel, nmethod*, JavaThread*)+0x3bd
V  [libjvm.dylib+0x2e8abf]  InterpreterRuntime::frequency_counter_overflow_inner(JavaThread*, unsigned char*)+0x1e3
V  [libjvm.dylib+0x2e8cd6]  InterpreterRuntime::frequency_counter_overflow(JavaThread*, unsigned char*)+0x1c
j  io.netty.util.concurrent.DefaultPromise.addListener0(Lio/netty/util/concurrent/GenericFutureListener;)V+0
j  io.netty.util.concurrent.DefaultPromise.addListener(Lio/netty/util/concurrent/GenericFutureListener;)Lio/netty/util/concurrent/Promise;+13
j  io.netty.channel.DefaultChannelPromise.addListener(Lio/netty/util/concurrent/GenericFutureListener;)Lio/netty/channel/ChannelPromise;+2
j  io.netty.handler.timeout.IdleStateHandler.write(Lio/netty/channel/ChannelHandlerContext;Ljava/lang/Object;Lio/netty/channel/ChannelPromise;)V+23
J 1152 C1 io.netty.channel.AbstractChannelHandlerContext.write(Ljava/lang/Object;ZLio/netty/channel/ChannelPromise;)V (82 bytes) @ 0x000000010fc7aa8c [0x000000010fc79ba0+0xeec]
J 1244 C1 io.netty.channel.AbstractChannelHandlerContext.write(Ljava/lang/Object;Lio/netty/channel/ChannelPromise;)Lio/netty/channel/ChannelFuture; (50 bytes) @ 0x000000010fcaf694 [0x000000010fcaf040+0x654]
j  io.netty.channel.ChannelDuplexHandler.write(Lio/netty/channel/ChannelHandlerContext;Ljava/lang/Object;Lio/netty/channel/ChannelPromise;)V+3
J 1155 C1 io.netty.channel.AbstractChannelHandlerContext.invokeWrite(Ljava/lang/Object;Lio/netty/channel/ChannelPromise;)V (24 bytes) @ 0x000000010fc7d10c [0x000000010fc7cca0+0x46c]
j  io.netty.channel.AbstractChannelHandlerContext.access$1900(Lio/netty/channel/AbstractChannelHandlerContext;Ljava/lang/Object;Lio/netty/channel/ChannelPromise;)V+3
j  io.netty.channel.AbstractChannelHandlerContext$AbstractWriteTask.write(Lio/netty/channel/AbstractChannelHandlerContext;Ljava/lang/Object;Lio/netty/channel/ChannelPromise;)V+3
j  io.netty.channel.AbstractChannelHandlerContext$WriteAndFlushTask.write(Lio/netty/channel/AbstractChannelHandlerContext;Ljava/lang/Object;Lio/netty/channel/ChannelPromise;)V+4
j  io.netty.channel.AbstractChannelHandlerContext$AbstractWriteTask.run()V+50
j  io.netty.util.concurrent.DefaultEventExecutor.run()V+10
j  io.netty.util.concurrent.SingleThreadEventExecutor$2.run()V+13
j  java.lang.Thread.run()V+11
v  ~StubRoutines::call_stub
V  [libjvm.dylib+0x2ef1f6]  JavaCalls::call_helper(JavaValue*, methodHandle*, JavaCallArguments*, Thread*)+0x6ae
V  [libjvm.dylib+0x2ef99a]  JavaCalls::call_virtual(JavaValue*, KlassHandle, Symbol*, Symbol*, JavaCallArguments*, Thread*)+0x164
V  [libjvm.dylib+0x2efb46]  JavaCalls::call_virtual(JavaValue*, Handle, KlassHandle, Symbol*, Symbol*, Thread*)+0x4a
V  [libjvm.dylib+0x34a46d]  thread_entry(JavaThread*, Thread*)+0x7c
V  [libjvm.dylib+0x56eb0f]  JavaThread::thread_main_inner()+0x9b
V  [libjvm.dylib+0x57020a]  JavaThread::run()+0x1c2
V  [libjvm.dylib+0x48d4a6]  java_start(Thread*)+0xf6
C  [libsystem_pthread.dylib+0x3661]  _pthread_body+0x154
C  [libsystem_pthread.dylib+0x350d]  _pthread_body+0x0
C  [libsystem_pthread.dylib+0x2bf9]  thread_start+0xd
C  0x0000000000000000

Java frames: (J=compiled Java code, j=interpreted, Vv=VM code)
j  io.netty.util.concurrent.DefaultPromise.addListener0(Lio/netty/util/concurrent/GenericFutureListener;)V+0
j  io.netty.util.concurrent.DefaultPromise.addListener(Lio/netty/util/concurrent/GenericFutureListener;)Lio/netty/util/concurrent/Promise;+13
j  io.netty.channel.DefaultChannelPromise.addListener(Lio/netty/util/concurrent/GenericFutureListener;)Lio/netty/channel/ChannelPromise;+2
j  io.netty.handler.timeout.IdleStateHandler.write(Lio/netty/channel/ChannelHandlerContext;Ljava/lang/Object;Lio/netty/channel/ChannelPromise;)V+23
J 1152 C1 io.netty.channel.AbstractChannelHandlerContext.write(Ljava/lang/Object;ZLio/netty/channel/ChannelPromise;)V (82 bytes) @ 0x000000010fc7aa8c [0x000000010fc79ba0+0xeec]
J 1244 C1 io.netty.channel.AbstractChannelHandlerContext.write(Ljava/lang/Object;Lio/netty/channel/ChannelPromise;)Lio/netty/channel/ChannelFuture; (50 bytes) @ 0x000000010fcaf694 [0x000000010fcaf040+0x654]
j  io.netty.channel.ChannelDuplexHandler.write(Lio/netty/channel/ChannelHandlerContext;Ljava/lang/Object;Lio/netty/channel/ChannelPromise;)V+3
J 1155 C1 io.netty.channel.AbstractChannelHandlerContext.invokeWrite(Ljava/lang/Object;Lio/netty/channel/ChannelPromise;)V (24 bytes) @ 0x000000010fc7d10c [0x000000010fc7cca0+0x46c]
j  io.netty.channel.AbstractChannelHandlerContext.access$1900(Lio/netty/channel/AbstractChannelHandlerContext;Ljava/lang/Object;Lio/netty/channel/ChannelPromise;)V+3
j  io.netty.channel.AbstractChannelHandlerContext$AbstractWriteTask.write(Lio/netty/channel/AbstractChannelHandlerContext;Ljava/lang/Object;Lio/netty/channel/ChannelPromise;)V+3
j  io.netty.channel.AbstractChannelHandlerContext$WriteAndFlushTask.write(Lio/netty/channel/AbstractChannelHandlerContext;Ljava/lang/Object;Lio/netty/channel/ChannelPromise;)V+4
j  io.netty.channel.AbstractChannelHandlerContext$AbstractWriteTask.run()V+50
j  io.netty.util.concurrent.DefaultEventExecutor.run()V+10
j  io.netty.util.concurrent.SingleThreadEventExecutor$2.run()V+13
j  java.lang.Thread.run()V+11
v  ~StubRoutines::call_stub

---------------  P R O C E S S  ---------------

Java Threads: ( => current thread )
  0x00007fa1a930d800 JavaThread "NettyClientPublicExecutor_4" [_thread_blocked, id=22531, stack(0x000070000904f000,0x000070000914f000)]
  0x00007fa1a930c800 JavaThread "NettyClientPublicExecutor_3" [_thread_in_native, id=7431, stack(0x0000700008f4c000,0x000070000904c000)]
  0x00007fa1a930b000 JavaThread "ConsumeMessageThread_2" [_thread_in_native, id=42755, stack(0x0000700008e49000,0x0000700008f49000)]
  0x00007fa1a930f800 JavaThread "ConsumeMessageThread_1" [_thread_in_native, id=43267, stack(0x0000700008d46000,0x0000700008e46000)]
  0x00007fa1a931a800 JavaThread "NettyClientPublicExecutor_2" [_thread_in_native, id=13575, stack(0x0000700008225000,0x0000700008325000)]
  0x00007fa1a9322800 JavaThread "NettyClientWorkerThread_3" [_thread_blocked, id=21763, stack(0x0000700008c43000,0x0000700008d43000)]
  0x00007fa1a7a8f000 JavaThread "NettyClientPublicExecutor_1" [_thread_blocked, id=16643, stack(0x0000700008b40000,0x0000700008c40000)]
=>0x00007fa1a7a8c800 JavaThread "NettyClientWorkerThread_2" [_thread_in_vm, id=16899, stack(0x0000700008a3d000,0x0000700008b3d000)]
  0x00007fa1a806c800 JavaThread "NettyClientWorkerThread_1" [_thread_blocked, id=17411, stack(0x000070000893a000,0x0000700008a3a000)]
  0x00007fa1a883c800 JavaThread "NettyClientSelector_1" [_thread_in_native, id=15619, stack(0x0000700008837000,0x0000700008937000)]
  0x00007fa1a92f6000 JavaThread "RebalanceService" [_thread_blocked, id=15363, stack(0x0000700008734000,0x0000700008834000)]
  0x00007fa1a92f5800 JavaThread "PullMessageService" [_thread_blocked, id=17923, stack(0x0000700008631000,0x0000700008731000)]
  0x00007fa1a814e800 JavaThread "CleanExpireMsgScheduledThread_1" [_thread_blocked, id=18179, stack(0x000070000852e000,0x000070000862e000)]
  0x00007fa1a7aba000 JavaThread "MQClientFactoryScheduledThread" [_thread_blocked, id=14339, stack(0x000070000842b000,0x000070000852b000)]
  0x00007fa1a88d0800 JavaThread "ClientHouseKeepingService" daemon [_thread_blocked, id=13827, stack(0x0000700008328000,0x0000700008428000)]
  0x00007fa1a8022800 JavaThread "Service Thread" daemon [_thread_blocked, id=19459, stack(0x000070000801f000,0x000070000811f000)]
  0x00007fa1a78d7800 JavaThread "C1 CompilerThread2" daemon [_thread_blocked, id=19971, stack(0x0000700007f1c000,0x000070000801c000)]
  0x00007fa1a78d7000 JavaThread "C2 CompilerThread1" daemon [_thread_blocked, id=13315, stack(0x0000700007e19000,0x0000700007f19000)]
  0x00007fa1a789b000 JavaThread "C2 CompilerThread0" daemon [_thread_blocked, id=12803, stack(0x0000700007d16000,0x0000700007e16000)]
  0x00007fa1a78a2800 JavaThread "Signal Dispatcher" daemon [_thread_blocked, id=20747, stack(0x0000700007c13000,0x0000700007d13000)]
  0x00007fa1a9009800 JavaThread "Finalizer" daemon [_thread_blocked, id=8451, stack(0x0000700007a0a000,0x0000700007b0a000)]
  0x00007fa1a8804800 JavaThread "Reference Handler" daemon [_thread_blocked, id=6915, stack(0x0000700007907000,0x0000700007a07000)]
  0x00007fa1a900f000 JavaThread "main" [_thread_blocked, id=775, stack(0x00007ffeeb28c000,0x00007ffeec28c000)]

Other Threads:
  0x00007fa1a78b5000 VMThread [stack: 0x0000700007804000,0x0000700007904000] [id=8963]
  0x00007fa1a789e000 WatcherThread [stack: 0x0000700008122000,0x0000700008222000] [id=18947]

VM state:not at safepoint (normal execution)

VM Mutex/Monitor currently owned by a thread:  ([mutex/lock_event])
[0x00007fa1a745c4e0] JNIGlobalHandle_lock - owner thread: 0x00007fa1a7a8c800
[0x00007fa1a745cc60] MethodCompileQueue_lock - owner thread: 0x00007fa1a7a8c800

Heap:
 PSYoungGen      total 114688K, used 62918K [0x00000007b8000000, 0x00000007c0000000, 0x00000007c0000000)
  eden space 98304K, 64% used [0x00000007b8000000,0x00000007bbd71be0,0x00000007be000000)
  from space 16384K, 0% used [0x00000007bf000000,0x00000007bf000000,0x00000007c0000000)
  to   space 16384K, 0% used [0x00000007be000000,0x00000007be000000,0x00000007bf000000)
 ParOldGen       total 131072K, used 0K [0x00000007b0000000, 0x00000007b8000000, 0x00000007b8000000)
  object space 131072K, 0% used [0x00000007b0000000,0x00000007b0000000,0x00000007b8000000)
 Metaspace       used 14679K, capacity 14868K, committed 15104K, reserved 1062912K
  class space    used 1709K, capacity 1772K, committed 1792K, reserved 1048576K

Card table byte_map: [0x000000010583a000,0x00000001058bb000] byte_map_base: 0x0000000101aba000

Marking Bits: (ParMarkBitMap*) 0x0000000104d2d6e0
 Begin Bits: [0x00000001058fb000, 0x0000000105cfb000)
 End Bits:   [0x0000000105cfb000, 0x00000001060fb000)

Polling page: 0x0000000105428000

CodeCache: size=245760Kb used=4158Kb max_used=4158Kb free=241601Kb
 bounds [0x000000010f8a7000, 0x000000010fcc7000, 0x000000011e8a7000]
 total_blobs=1636 nmethods=1241 adapters=308
 compilation: enabled

Compilation events (10 events):
Event: 116.180 Thread 0x00007fa1a78d7800 nmethod 1252 0x000000010fcb7310 code [0x000000010fcb7460, 0x000000010fcb7570]
Event: 116.181 Thread 0x00007fa1a78d7800 1253       3       org.apache.rocketmq.remoting.protocol.RemotingCommand::<init> (39 bytes)
Event: 116.181 Thread 0x00007fa1a78d7800 nmethod 1253 0x000000010fcb75d0 code [0x000000010fcb7740, 0x000000010fcb7a50]
Event: 116.181 Thread 0x00007fa1a78d7800 1256       1       java.util.concurrent.locks.AbstractQueuedSynchronizer::compareAndSetState (13 bytes)
Event: 116.182 Thread 0x00007fa1a78d7800 nmethod 1256 0x000000010fcb7b50 code [0x000000010fcb7ca0, 0x000000010fcb7dd0]
Event: 116.182 Thread 0x00007fa1a78d7800 1254       3       org.apache.rocketmq.remoting.protocol.RemotingCommand::setCode (6 bytes)
Event: 116.182 Thread 0x00007fa1a78d7800 nmethod 1254 0x000000010fcb7e10 code [0x000000010fcb7f60, 0x000000010fcb80b0]
Event: 116.182 Thread 0x00007fa1a78d7800 1255       1       com.alibaba.fastjson.parser.DefaultJSONParser::getSymbolTable (5 bytes)
Event: 116.182 Thread 0x00007fa1a78d7800 nmethod 1255 0x000000010fcb8150 code [0x000000010fcb82a0, 0x000000010fcb83b0]
Event: 116.182 Thread 0x00007fa1a78d7800 1257       3       java.lang.Long::toString (52 bytes)

GC Heap History (0 events):
No events

Deoptimization events (2 events):
Event: 0.736 Thread 0x00007fa1a900f000 Uncommon trap: reason=unstable_if action=reinterpret pc=0x000000010fabbc04 method=java.lang.AbstractStringBuilder.append(Ljava/lang/String;)Ljava/lang/AbstractStringBuilder; @ 1
Event: 1.014 Thread 0x00007fa1a900f000 Uncommon trap: reason=unstable_if action=reinterpret pc=0x000000010faac8cc method=java.lang.AbstractStringBuilder.append(Ljava/lang/String;)Ljava/lang/AbstractStringBuilder; @ 1

Classes redefined (0 events):
No events

Internal exceptions (10 events):
Event: 0.377 Thread 0x00007fa1a900f000 Exception <a 'java/lang/ClassNotFoundException': ch/qos/logback/core/pattern/PatternLayoutEncoderBaseCustomizer> (0x00000007b8bbc118) thrown at [/Users/java_re/workspace/8-2-build-macosx-x86_64/jdk8u171/10807/hotspot/src/share/vm/classfile/systemDictionar
Event: 0.377 Thread 0x00007fa1a900f000 Exception <a 'java/lang/ArrayIndexOutOfBoundsException'> (0x00000007b8bbfa00) thrown at [/Users/java_re/workspace/8-2-build-macosx-x86_64/jdk8u171/10807/hotspot/src/share/vm/runtime/sharedRuntime.cpp, line 605]
Event: 0.377 Thread 0x00007fa1a900f000 Exception <a 'java/lang/ArrayIndexOutOfBoundsException'> (0x00000007b8bc0a88) thrown at [/Users/java_re/workspace/8-2-build-macosx-x86_64/jdk8u171/10807/hotspot/src/share/vm/runtime/sharedRuntime.cpp, line 605]
Event: 0.378 Thread 0x00007fa1a900f000 Exception <a 'java/lang/ClassNotFoundException': ch/qos/logback/classic/encoder/PatternLayoutEncoderCustomizer> (0x00000007b8bd60c0) thrown at [/Users/java_re/workspace/8-2-build-macosx-x86_64/jdk8u171/10807/hotspot/src/share/vm/classfile/systemDictionary
Event: 0.379 Thread 0x00007fa1a900f000 Exception <a 'java/lang/ArrayIndexOutOfBoundsException'> (0x00000007b8bd9220) thrown at [/Users/java_re/workspace/8-2-build-macosx-x86_64/jdk8u171/10807/hotspot/src/share/vm/runtime/sharedRuntime.cpp, line 605]
Event: 0.524 Thread 0x00007fa1a900f000 Exception <a 'java/lang/ClassCastException': sun.misc.Cleaner cannot be cast to java.lang.Runnable> (0x00000007b8f31758) thrown at [/Users/java_re/workspace/8-2-build-macosx-x86_64/jdk8u171/10807/hotspot/src/share/vm/interpreter/interpreterRuntime.cpp, li
Event: 0.618 Thread 0x00007fa1a900f000 Exception <a 'java/lang/NoSuchFieldError': method resolution failed> (0x00000007b9115bd8) thrown at [/Users/java_re/workspace/8-2-build-macosx-x86_64/jdk8u171/10807/hotspot/src/share/vm/prims/methodHandles.cpp, line 1167]
Event: 0.622 Thread 0x00007fa1a900f000 Exception <a 'java/lang/NoSuchFieldError': method resolution failed> (0x00000007b9123660) thrown at [/Users/java_re/workspace/8-2-build-macosx-x86_64/jdk8u171/10807/hotspot/src/share/vm/prims/methodHandles.cpp, line 1167]
Event: 0.736 Thread 0x00007fa1a900f000 Implicit null exception at 0x000000010fabb835 to 0x000000010fabbbf1
Event: 1.014 Thread 0x00007fa1a900f000 Implicit null exception at 0x000000010faac4f6 to 0x000000010faac8b5

Events (10 events):
Event: 72.759 Thread 0x00007fa1a78d7800 flushing nmethod 0x000000010f9b5490
Event: 72.759 Thread 0x00007fa1a78d7800 flushing nmethod 0x000000010f9b6c50
Event: 72.759 Thread 0x00007fa1a78d7800 flushing nmethod 0x000000010f9b9550
Event: 72.759 Thread 0x00007fa1a78d7800 flushing nmethod 0x000000010f9ba850
Event: 72.759 Thread 0x00007fa1a78d7800 flushing nmethod 0x000000010f9be750
Event: 75.120 Thread 0x00007fa1a78d7800 flushing nmethod 0x000000010f9d5f10
Event: 75.120 Thread 0x00007fa1a78d7800 flushing nmethod 0x000000010f9ed650
Event: 75.122 Thread 0x00007fa1a78d7800 flushing nmethod 0x000000010fa307d0
Event: 81.752 Thread 0x00007fa1a88d0800 DEOPT PACKING pc=0x000000010fbdb323 sp=0x00007000084275d0
Event: 81.752 Thread 0x00007fa1a88d0800 DEOPT UNPACKING pc=0x000000010f8ee784 sp=0x0000700008427348 mode 0


Dynamic libraries:
0x000000000bbc2000 	/System/Library/Frameworks/CoreFoundation.framework/Versions/A/CoreFoundation
0x0000000103979000 	/usr/local/Cellar/python/3.6.5/Frameworks/Python.framework/Versions/3.6/Python
0x000000000bbc2000 	/usr/lib/libSystem.B.dylib
0x000000000bbc2000 	/usr/lib/libDiagnosticMessagesClient.dylib
0x000000000bbc2000 	/usr/lib/libicucore.A.dylib
0x000000000bbc2000 	/usr/lib/libobjc.A.dylib
0x000000000bbc2000 	/usr/lib/libz.1.dylib
0x000000000bbc2000 	/usr/lib/system/libcache.dylib
0x000000000bbc2000 	/usr/lib/system/libcommonCrypto.dylib
0x000000000bbc2000 	/usr/lib/system/libcompiler_rt.dylib
0x000000000bbc2000 	/usr/lib/system/libcopyfile.dylib
0x000000000bbc2000 	/usr/lib/system/libcorecrypto.dylib
0x000000000bbc2000 	/usr/lib/system/libdispatch.dylib
0x000000000bbc2000 	/usr/lib/system/libdyld.dylib
0x000000000bbc2000 	/usr/lib/system/libkeymgr.dylib
0x000000000bbc2000 	/usr/lib/system/liblaunch.dylib
0x000000000bbc2000 	/usr/lib/system/libmacho.dylib
0x000000000bbc2000 	/usr/lib/system/libquarantine.dylib
0x000000000bbc2000 	/usr/lib/system/libremovefile.dylib
0x000000000bbc2000 	/usr/lib/system/libsystem_asl.dylib
0x000000000bbc2000 	/usr/lib/system/libsystem_blocks.dylib
0x000000000bbc2000 	/usr/lib/system/libsystem_c.dylib
0x000000000bbc2000 	/usr/lib/system/libsystem_configuration.dylib
0x000000000bbc2000 	/usr/lib/system/libsystem_coreservices.dylib
0x000000000bbc2000 	/usr/lib/system/libsystem_darwin.dylib
0x000000000bbc2000 	/usr/lib/system/libsystem_dnssd.dylib
0x000000000bbc2000 	/usr/lib/system/libsystem_info.dylib
0x000000000bbc2000 	/usr/lib/system/libsystem_m.dylib
0x000000000bbc2000 	/usr/lib/system/libsystem_malloc.dylib
0x000000000bbc2000 	/usr/lib/system/libsystem_network.dylib
0x000000000bbc2000 	/usr/lib/system/libsystem_networkextension.dylib
0x000000000bbc2000 	/usr/lib/system/libsystem_notify.dylib
0x000000000bbc2000 	/usr/lib/system/libsystem_sandbox.dylib
0x000000000bbc2000 	/usr/lib/system/libsystem_secinit.dylib
0x000000000bbc2000 	/usr/lib/system/libsystem_kernel.dylib
0x000000000bbc2000 	/usr/lib/system/libsystem_platform.dylib
0x000000000bbc2000 	/usr/lib/system/libsystem_pthread.dylib
0x000000000bbc2000 	/usr/lib/system/libsystem_symptoms.dylib
0x000000000bbc2000 	/usr/lib/system/libsystem_trace.dylib
0x000000000bbc2000 	/usr/lib/system/libunwind.dylib
0x000000000bbc2000 	/usr/lib/system/libxpc.dylib
0x000000000bbc2000 	/usr/lib/closure/libclosured.dylib
0x000000000bbc2000 	/usr/lib/libc++abi.dylib
0x000000000bbc2000 	/usr/lib/libc++.1.dylib
0x000000000bbc2000 	/System/Library/CoreServices/Encodings/libSimplifiedChineseConverter.dylib
0x00000001041f6000 	/Users/chuenfai/Workspace/rocketmq-pythonJ/venv/lib/python3.6/site-packages/_jpype.cpython-36m-darwin.so
0x00000001042d4000 	/Users/chuenfai/Workspace/rocketmq-pythonJ/venv/lib/python3.6/lib-dynload/_heapq.cpython-36m-darwin.so
0x0000000104419000 	/Library/Java/JavaVirtualMachines/jdk1.8.0_171.jdk/Contents/Home/jre/lib/jli/libjli.dylib
0x000000000bbc2000 	/System/Library/Frameworks/Cocoa.framework/Versions/A/Cocoa
0x000000000bbc2000 	/System/Library/Frameworks/Security.framework/Versions/A/Security
0x000000000bbc2000 	/System/Library/Frameworks/ApplicationServices.framework/Versions/A/ApplicationServices
0x000000000bbc2000 	/System/Library/Frameworks/Foundation.framework/Versions/C/Foundation
0x000000000bbc2000 	/System/Library/Frameworks/AppKit.framework/Versions/C/AppKit
0x000000000bbc2000 	/System/Library/Frameworks/CoreData.framework/Versions/A/CoreData
0x000000000bbc2000 	/System/Library/PrivateFrameworks/RemoteViewServices.framework/Versions/A/RemoteViewServices
0x000000000bbc2000 	/System/Library/PrivateFrameworks/UIFoundation.framework/Versions/A/UIFoundation
0x000000000bbc2000 	/System/Library/PrivateFrameworks/DFRFoundation.framework/Versions/A/DFRFoundation
0x000000000bbc2000 	/System/Library/Frameworks/Metal.framework/Versions/A/Metal
0x000000000bbc2000 	/System/Library/PrivateFrameworks/DesktopServicesPriv.framework/Versions/A/DesktopServicesPriv
0x000000000bbc2000 	/usr/lib/libenergytrace.dylib
0x000000000bbc2000 	/System/Library/PrivateFrameworks/SkyLight.framework/Versions/A/SkyLight
0x000000000bbc2000 	/System/Library/Frameworks/CoreGraphics.framework/Versions/A/CoreGraphics
0x000000000bbc2000 	/usr/lib/libScreenReader.dylib
0x000000000bbc2000 	/System/Library/Frameworks/Accelerate.framework/Versions/A/Accelerate
0x000000000bbc2000 	/System/Library/Frameworks/IOSurface.framework/Versions/A/IOSurface
0x000000000bbc2000 	/System/Library/Frameworks/AudioToolbox.framework/Versions/A/AudioToolbox
0x000000000bbc2000 	/System/Library/Frameworks/AudioUnit.framework/Versions/A/AudioUnit
0x000000000bbc2000 	/System/Library/PrivateFrameworks/DataDetectorsCore.framework/Versions/A/DataDetectorsCore
0x000000000bbc2000 	/System/Library/Frameworks/Carbon.framework/Versions/A/Frameworks/HIToolbox.framework/Versions/A/HIToolbox
0x000000000bbc2000 	/System/Library/Frameworks/QuartzCore.framework/Versions/A/QuartzCore
0x000000000bbc2000 	/System/Library/PrivateFrameworks/SignpostNotification.framework/Versions/A/SignpostNotification
0x000000000bbc2000 	/System/Library/Frameworks/Carbon.framework/Versions/A/Frameworks/SpeechRecognition.framework/Versions/A/SpeechRecognition
0x000000000bbc2000 	/usr/lib/libauto.dylib
0x000000000bbc2000 	/usr/lib/libxml2.2.dylib
0x000000000bbc2000 	/System/Library/PrivateFrameworks/CoreUI.framework/Versions/A/CoreUI
0x000000000bbc2000 	/System/Library/Frameworks/CoreAudio.framework/Versions/A/CoreAudio
0x000000000bbc2000 	/System/Library/Frameworks/DiskArbitration.framework/Versions/A/DiskArbitration
0x000000000bbc2000 	/usr/lib/liblangid.dylib
0x000000000bbc2000 	/System/Library/PrivateFrameworks/MultitouchSupport.framework/Versions/A/MultitouchSupport
0x000000000bbc2000 	/System/Library/Frameworks/IOKit.framework/Versions/A/IOKit
0x000000000bbc2000 	/System/Library/Frameworks/CoreServices.framework/Versions/A/CoreServices
0x000000000bbc2000 	/System/Library/PrivateFrameworks/PerformanceAnalysis.framework/Versions/A/PerformanceAnalysis
0x000000000bbc2000 	/System/Library/Frameworks/OpenGL.framework/Versions/A/OpenGL
0x000000000bbc2000 	/System/Library/Frameworks/ColorSync.framework/Versions/A/ColorSync
0x000000000bbc2000 	/System/Library/Frameworks/CoreImage.framework/Versions/A/CoreImage
0x000000000bbc2000 	/System/Library/Frameworks/CoreText.framework/Versions/A/CoreText
0x000000000bbc2000 	/System/Library/Frameworks/ImageIO.framework/Versions/A/ImageIO
0x000000000bbc2000 	/System/Library/PrivateFrameworks/Backup.framework/Versions/A/Backup
0x000000000bbc2000 	/usr/lib/libarchive.2.dylib
0x000000000bbc2000 	/System/Library/Frameworks/CFNetwork.framework/Versions/A/CFNetwork
0x000000000bbc2000 	/System/Library/Frameworks/SystemConfiguration.framework/Versions/A/SystemConfiguration
0x000000000bbc2000 	/usr/lib/libCRFSuite.dylib
0x000000000bbc2000 	/usr/lib/libbsm.0.dylib
0x000000000bbc2000 	/usr/lib/system/libkxld.dylib
0x000000000bbc2000 	/usr/lib/libOpenScriptingUtil.dylib
0x000000000bbc2000 	/usr/lib/libcoretls.dylib
0x000000000bbc2000 	/usr/lib/libcoretls_cfhelpers.dylib
0x000000000bbc2000 	/usr/lib/libpam.2.dylib
0x000000000bbc2000 	/usr/lib/libsqlite3.dylib
0x000000000bbc2000 	/usr/lib/libxar.1.dylib
0x000000000bbc2000 	/usr/lib/libbz2.1.0.dylib
0x000000000bbc2000 	/usr/lib/liblzma.5.dylib
0x000000000bbc2000 	/usr/lib/libnetwork.dylib
0x000000000bbc2000 	/usr/lib/libapple_nghttp2.dylib
0x000000000bbc2000 	/usr/lib/libpcap.A.dylib
0x000000000bbc2000 	/usr/lib/libboringssl.dylib
0x000000000bbc2000 	/usr/lib/libusrtcp.dylib
0x000000000bbc2000 	/usr/lib/libapple_crypto.dylib
0x000000000bbc2000 	/System/Library/Frameworks/CoreServices.framework/Versions/A/Frameworks/FSEvents.framework/Versions/A/FSEvents
0x000000000bbc2000 	/System/Library/Frameworks/CoreServices.framework/Versions/A/Frameworks/CarbonCore.framework/Versions/A/CarbonCore
0x000000000bbc2000 	/System/Library/Frameworks/CoreServices.framework/Versions/A/Frameworks/Metadata.framework/Versions/A/Metadata
0x000000000bbc2000 	/System/Library/Frameworks/CoreServices.framework/Versions/A/Frameworks/OSServices.framework/Versions/A/OSServices
0x000000000bbc2000 	/System/Library/Frameworks/CoreServices.framework/Versions/A/Frameworks/SearchKit.framework/Versions/A/SearchKit
0x000000000bbc2000 	/System/Library/Frameworks/CoreServices.framework/Versions/A/Frameworks/AE.framework/Versions/A/AE
0x000000000bbc2000 	/System/Library/Frameworks/CoreServices.framework/Versions/A/Frameworks/LaunchServices.framework/Versions/A/LaunchServices
0x000000000bbc2000 	/System/Library/Frameworks/CoreServices.framework/Versions/A/Frameworks/DictionaryServices.framework/Versions/A/DictionaryServices
0x000000000bbc2000 	/System/Library/Frameworks/CoreServices.framework/Versions/A/Frameworks/SharedFileList.framework/Versions/A/SharedFileList
0x000000000bbc2000 	/System/Library/Frameworks/NetFS.framework/Versions/A/NetFS
0x000000000bbc2000 	/System/Library/PrivateFrameworks/NetAuth.framework/Versions/A/NetAuth
0x000000000bbc2000 	/System/Library/PrivateFrameworks/login.framework/Versions/A/Frameworks/loginsupport.framework/Versions/A/loginsupport
0x000000000bbc2000 	/System/Library/PrivateFrameworks/TCC.framework/Versions/A/TCC
0x000000000bbc2000 	/usr/lib/libmecabra.dylib
0x000000000bbc2000 	/System/Library/Frameworks/ApplicationServices.framework/Versions/A/Frameworks/ATS.framework/Versions/A/ATS
0x000000000bbc2000 	/System/Library/Frameworks/ApplicationServices.framework/Versions/A/Frameworks/ColorSyncLegacy.framework/Versions/A/ColorSyncLegacy
0x000000000bbc2000 	/System/Library/Frameworks/ApplicationServices.framework/Versions/A/Frameworks/HIServices.framework/Versions/A/HIServices
0x000000000bbc2000 	/System/Library/Frameworks/ApplicationServices.framework/Versions/A/Frameworks/LangAnalysis.framework/Versions/A/LangAnalysis
0x000000000bbc2000 	/System/Library/Frameworks/ApplicationServices.framework/Versions/A/Frameworks/PrintCore.framework/Versions/A/PrintCore
0x000000000bbc2000 	/System/Library/Frameworks/ApplicationServices.framework/Versions/A/Frameworks/QD.framework/Versions/A/QD
0x000000000bbc2000 	/System/Library/Frameworks/ApplicationServices.framework/Versions/A/Frameworks/SpeechSynthesis.framework/Versions/A/SpeechSynthesis
0x000000000bbc2000 	/System/Library/Frameworks/CoreDisplay.framework/Versions/A/CoreDisplay
0x000000000bbc2000 	/System/Library/Frameworks/Accelerate.framework/Versions/A/Frameworks/vImage.framework/Versions/A/vImage
0x000000000bbc2000 	/System/Library/Frameworks/Accelerate.framework/Versions/A/Frameworks/vecLib.framework/Versions/A/vecLib
0x000000000bbc2000 	/System/Library/Frameworks/Accelerate.framework/Versions/A/Frameworks/vecLib.framework/Versions/A/libvDSP.dylib
0x000000000bbc2000 	/System/Library/Frameworks/Accelerate.framework/Versions/A/Frameworks/vecLib.framework/Versions/A/libBNNS.dylib
0x000000000bbc2000 	/System/Library/Frameworks/Accelerate.framework/Versions/A/Frameworks/vecLib.framework/Versions/A/libQuadrature.dylib
0x000000000bbc2000 	/System/Library/Frameworks/Accelerate.framework/Versions/A/Frameworks/vecLib.framework/Versions/A/libvMisc.dylib
0x000000000bbc2000 	/System/Library/Frameworks/Accelerate.framework/Versions/A/Frameworks/vecLib.framework/Versions/A/libLAPACK.dylib
0x000000000bbc2000 	/System/Library/Frameworks/Accelerate.framework/Versions/A/Frameworks/vecLib.framework/Versions/A/libBLAS.dylib
0x000000000bbc2000 	/System/Library/Frameworks/Accelerate.framework/Versions/A/Frameworks/vecLib.framework/Versions/A/libLinearAlgebra.dylib
0x000000000bbc2000 	/System/Library/Frameworks/Accelerate.framework/Versions/A/Frameworks/vecLib.framework/Versions/A/libSparse.dylib
0x000000000bbc2000 	/System/Library/Frameworks/Accelerate.framework/Versions/A/Frameworks/vecLib.framework/Versions/A/libSparseBLAS.dylib
0x000000000bbc2000 	/System/Library/PrivateFrameworks/GPUWrangler.framework/Versions/A/GPUWrangler
0x000000000bbc2000 	/System/Library/PrivateFrameworks/IOAccelerator.framework/Versions/A/IOAccelerator
0x000000000bbc2000 	/System/Library/PrivateFrameworks/IOPresentment.framework/Versions/A/IOPresentment
0x000000000bbc2000 	/System/Library/PrivateFrameworks/DSExternalDisplay.framework/Versions/A/DSExternalDisplay
0x000000000bbc2000 	/System/Library/Frameworks/OpenGL.framework/Versions/A/Libraries/libCoreFSCache.dylib
0x000000000bbc2000 	/System/Library/Frameworks/CoreVideo.framework/Versions/A/CoreVideo
0x000000000bbc2000 	/System/Library/PrivateFrameworks/GraphVisualizer.framework/Versions/A/GraphVisualizer
0x000000000bbc2000 	/System/Library/Frameworks/MetalPerformanceShaders.framework/Versions/A/MetalPerformanceShaders
0x000000000bbc2000 	/usr/lib/libFosl_dynamic.dylib
0x000000000bbc2000 	/System/Library/PrivateFrameworks/FaceCore.framework/Versions/A/FaceCore
0x000000000bbc2000 	/System/Library/Frameworks/OpenCL.framework/Versions/A/OpenCL
0x000000000bbc2000 	/usr/lib/libcompression.dylib
0x000000000bbc2000 	/System/Library/Frameworks/ApplicationServices.framework/Versions/A/Frameworks/ATS.framework/Versions/A/Resources/libFontParser.dylib
0x000000000bbc2000 	/System/Library/Frameworks/ApplicationServices.framework/Versions/A/Frameworks/ATS.framework/Versions/A/Resources/libFontRegistry.dylib
0x000000000bbc2000 	/System/Library/Frameworks/ImageIO.framework/Versions/A/Resources/libJPEG.dylib
0x000000000bbc2000 	/System/Library/Frameworks/ImageIO.framework/Versions/A/Resources/libTIFF.dylib
0x000000000bbc2000 	/System/Library/Frameworks/ImageIO.framework/Versions/A/Resources/libPng.dylib
0x000000000bbc2000 	/System/Library/Frameworks/ImageIO.framework/Versions/A/Resources/libGIF.dylib
0x000000000bbc2000 	/System/Library/Frameworks/ImageIO.framework/Versions/A/Resources/libJP2.dylib
0x000000000bbc2000 	/System/Library/Frameworks/ImageIO.framework/Versions/A/Resources/libRadiance.dylib
0x000000000bbc2000 	/System/Library/PrivateFrameworks/AppleJPEG.framework/Versions/A/AppleJPEG
0x000000000bbc2000 	/System/Library/Frameworks/MetalPerformanceShaders.framework/Frameworks/MPSCore.framework/Versions/A/MPSCore
0x000000000bbc2000 	/System/Library/Frameworks/MetalPerformanceShaders.framework/Frameworks/MPSImage.framework/Versions/A/MPSImage
0x000000000bbc2000 	/System/Library/Frameworks/MetalPerformanceShaders.framework/Frameworks/MPSNeuralNetwork.framework/Versions/A/MPSNeuralNetwork
0x000000000bbc2000 	/System/Library/Frameworks/MetalPerformanceShaders.framework/Frameworks/MPSMatrix.framework/Versions/A/MPSMatrix
0x000000000bbc2000 	/System/Library/PrivateFrameworks/MetalTools.framework/Versions/A/MetalTools
0x000000000bbc2000 	/System/Library/Frameworks/OpenGL.framework/Versions/A/Libraries/libGLU.dylib
0x000000000bbc2000 	/System/Library/Frameworks/OpenGL.framework/Versions/A/Libraries/libGFXShared.dylib
0x000000000bbc2000 	/System/Library/Frameworks/OpenGL.framework/Versions/A/Libraries/libGL.dylib
0x000000000bbc2000 	/System/Library/Frameworks/OpenGL.framework/Versions/A/Libraries/libGLImage.dylib
0x000000000bbc2000 	/System/Library/Frameworks/OpenGL.framework/Versions/A/Libraries/libCVMSPluginSupport.dylib
0x000000000bbc2000 	/System/Library/Frameworks/OpenGL.framework/Versions/A/Libraries/libCoreVMClient.dylib
0x000000000bbc2000 	/usr/lib/libcups.2.dylib
0x000000000bbc2000 	/System/Library/Frameworks/Kerberos.framework/Versions/A/Kerberos
0x000000000bbc2000 	/System/Library/Frameworks/GSS.framework/Versions/A/GSS
0x000000000bbc2000 	/usr/lib/libresolv.9.dylib
0x000000000bbc2000 	/usr/lib/libiconv.2.dylib
0x000000000bbc2000 	/System/Library/PrivateFrameworks/Heimdal.framework/Versions/A/Heimdal
0x000000000bbc2000 	/usr/lib/libheimdal-asn1.dylib
0x000000000bbc2000 	/System/Library/Frameworks/OpenDirectory.framework/Versions/A/OpenDirectory
0x000000000bbc2000 	/System/Library/PrivateFrameworks/CommonAuth.framework/Versions/A/CommonAuth
0x000000000bbc2000 	/System/Library/Frameworks/OpenDirectory.framework/Versions/A/Frameworks/CFOpenDirectory.framework/Versions/A/CFOpenDirectory
0x000000000bbc2000 	/System/Library/Frameworks/SecurityFoundation.framework/Versions/A/SecurityFoundation
0x000000000bbc2000 	/System/Library/PrivateFrameworks/APFS.framework/Versions/A/APFS
0x000000000bbc2000 	/usr/lib/libutil.dylib
0x000000000bbc2000 	/System/Library/PrivateFrameworks/AppleSauce.framework/Versions/A/AppleSauce
0x000000000bbc2000 	/System/Library/PrivateFrameworks/LinguisticData.framework/Versions/A/LinguisticData
0x000000000bbc2000 	/usr/lib/libmarisa.dylib
0x000000000bbc2000 	/System/Library/PrivateFrameworks/Lexicon.framework/Versions/A/Lexicon
0x000000000bbc2000 	/usr/lib/libChineseTokenizer.dylib
0x000000000bbc2000 	/usr/lib/libcmph.dylib
0x000000000bbc2000 	/System/Library/PrivateFrameworks/LanguageModeling.framework/Versions/A/LanguageModeling
0x000000000bbc2000 	/System/Library/PrivateFrameworks/CoreEmoji.framework/Versions/A/CoreEmoji
0x000000000bbc2000 	/System/Library/Frameworks/ServiceManagement.framework/Versions/A/ServiceManagement
0x000000000bbc2000 	/System/Library/PrivateFrameworks/BackgroundTaskManagement.framework/Versions/A/BackgroundTaskManagement
0x000000000bbc2000 	/usr/lib/libxslt.1.dylib
0x000000000bbc2000 	/System/Library/Frameworks/Carbon.framework/Versions/A/Frameworks/Ink.framework/Versions/A/Ink
0x000000000bbc2000 	/System/Library/PrivateFrameworks/TextureIO.framework/Versions/A/TextureIO
0x000000000bbc2000 	/usr/lib/libate.dylib
0x000000000bbc2000 	/System/Library/PrivateFrameworks/CrashReporterSupport.framework/Versions/A/CrashReporterSupport
0x000000000bbc2000 	/System/Library/PrivateFrameworks/Sharing.framework/Versions/A/Sharing
0x000000000bbc2000 	/System/Library/PrivateFrameworks/IconServices.framework/Versions/A/IconServices
0x000000000bbc2000 	/System/Library/PrivateFrameworks/AuthKit.framework/Versions/A/AuthKit
0x000000000bbc2000 	/System/Library/PrivateFrameworks/Apple80211.framework/Versions/A/Apple80211
0x000000000bbc2000 	/System/Library/PrivateFrameworks/CoreUtils.framework/Versions/A/CoreUtils
0x000000000bbc2000 	/System/Library/Frameworks/CoreWLAN.framework/Versions/A/CoreWLAN
0x000000000bbc2000 	/System/Library/Frameworks/IOBluetooth.framework/Versions/A/IOBluetooth
0x000000000bbc2000 	/System/Library/PrivateFrameworks/ProtocolBuffer.framework/Versions/A/ProtocolBuffer
0x000000000bbc2000 	/System/Library/PrivateFrameworks/MobileKeyBag.framework/Versions/A/MobileKeyBag
0x000000000bbc2000 	/System/Library/PrivateFrameworks/CorePhoneNumbers.framework/Versions/A/CorePhoneNumbers
0x000000000bbc2000 	/System/Library/PrivateFrameworks/AppleIDAuthSupport.framework/Versions/A/AppleIDAuthSupport
0x000000000bbc2000 	/System/Library/PrivateFrameworks/KeychainCircle.framework/Versions/A/KeychainCircle
0x000000000bbc2000 	/System/Library/PrivateFrameworks/CoreWiFi.framework/Versions/A/CoreWiFi
0x000000000bbc2000 	/System/Library/Frameworks/CoreBluetooth.framework/Versions/A/CoreBluetooth
0x000000000bbc2000 	/System/Library/PrivateFrameworks/DebugSymbols.framework/Versions/A/DebugSymbols
0x000000000bbc2000 	/System/Library/PrivateFrameworks/CoreSymbolication.framework/Versions/A/CoreSymbolication
0x000000000bbc2000 	/System/Library/PrivateFrameworks/Symbolication.framework/Versions/A/Symbolication
0x000000000bbc2000 	/System/Library/PrivateFrameworks/AppleFSCompression.framework/Versions/A/AppleFSCompression
0x000000000bbc2000 	/System/Library/PrivateFrameworks/SpeechRecognitionCore.framework/Versions/A/SpeechRecognitionCore
0x0000000104436000 	/Library/Java/JavaVirtualMachines/jdk1.8.0_171.jdk/Contents/Home/jre//lib/server/libjvm.dylib
0x000000000bbc2000 	/usr/lib/libstdc++.6.0.9.dylib
0x00000001053e4000 	/Library/Java/JavaVirtualMachines/jdk1.8.0_171.jdk/Contents/Home/jre/lib/libverify.dylib
0x00000001053f2000 	/Library/Java/JavaVirtualMachines/jdk1.8.0_171.jdk/Contents/Home/jre/lib/libjava.dylib
0x0000000105471000 	/Library/Java/JavaVirtualMachines/jdk1.8.0_171.jdk/Contents/Home/jre/lib/libzip.dylib
0x0000000107d09000 	/Library/Java/JavaVirtualMachines/jdk1.8.0_171.jdk/Contents/Home/jre/lib/libnet.dylib
0x0000000107d68000 	/Library/Java/JavaVirtualMachines/jdk1.8.0_171.jdk/Contents/Home/jre/lib/libmanagement.dylib
0x0000000107dda000 	/Library/Java/JavaVirtualMachines/jdk1.8.0_171.jdk/Contents/Home/jre/lib/libnio.dylib

VM Arguments:
jvm_args: -server -Xms256m -Xmx256m -Xmn128m -Djava.ext.dirs=/Users/chuenfai/Workspace/rocketmq-pythonJ/lib 
java_command: <unknown>
java_class_path (initial): <not set>
Launcher Type: generic

Environment Variables:
PATH=/Users/chuenfai/Workspace/rocketmq-pythonJ/venv/bin:/usr/local/bin:/usr/bin:/bin:/usr/sbin:/sbin
SHELL=/bin/zsh

Signal Handlers:
SIGSEGV: [libjvm.dylib+0x5b512d], sa_mask[0]=11111111011111110111111111111111, sa_flags=SA_ONSTACK|SA_RESTART|SA_SIGINFO
SIGBUS: [libjvm.dylib+0x5b512d], sa_mask[0]=11111111011111110111111111111111, sa_flags=SA_RESTART|SA_SIGINFO
SIGFPE: [libjvm.dylib+0x48aa90], sa_mask[0]=11111111011111110111111111111111, sa_flags=SA_RESTART|SA_SIGINFO
SIGPIPE: [libjvm.dylib+0x48aa90], sa_mask[0]=11111111011111110111111111111111, sa_flags=SA_RESTART|SA_SIGINFO
SIGXFSZ: [libjvm.dylib+0x48aa90], sa_mask[0]=11111111011111110111111111111111, sa_flags=SA_RESTART|SA_SIGINFO
SIGILL: [libjvm.dylib+0x48aa90], sa_mask[0]=11111111011111110111111111111111, sa_flags=SA_RESTART|SA_SIGINFO
SIGUSR1: SIG_DFL, sa_mask[0]=00000000000000000000000000000000, sa_flags=SA_RESTART
SIGUSR2: [libjvm.dylib+0x48a5ae], sa_mask[0]=00000000000000000000000000000000, sa_flags=SA_RESTART|SA_SIGINFO
SIGHUP: [libjvm.dylib+0x488b79], sa_mask[0]=11111111011111110111111111111111, sa_flags=SA_RESTART|SA_SIGINFO
SIGINT: [libjvm.dylib+0x488b79], sa_mask[0]=11111111011111110111111111111111, sa_flags=SA_RESTART|SA_SIGINFO
SIGTERM: [libjvm.dylib+0x488b79], sa_mask[0]=11111111011111110111111111111111, sa_flags=SA_RESTART|SA_SIGINFO
SIGQUIT: [libjvm.dylib+0x488b79], sa_mask[0]=11111111011111110111111111111111, sa_flags=SA_RESTART|SA_SIGINFO


---------------  S Y S T E M  ---------------

OS:Bsduname:Darwin 17.7.0 Darwin Kernel Version 17.7.0: Thu Jun 21 22:53:14 PDT 2018; root:xnu-4570.71.2~1/RELEASE_X86_64 x86_64
rlimit: STACK 8192k, CORE 0k, NPROC 709, NOFILE 10240, AS infinity
load average:2.74 2.05 1.79

CPU:total 4 (initial active 4) (2 cores per cpu, 2 threads per core) family 6 model 61 stepping 4, cmov, cx8, fxsr, mmx, sse, sse2, sse3, ssse3, sse4.1, sse4.2, popcnt, avx, avx2, aes, clmul, erms, 3dnowpref, lzcnt, ht, tsc, tscinvbit, bmi1, bmi2, adx

Memory: 4k page, physical 8388608k(37936k free)

/proc/meminfo:


vm_info: Java HotSpot(TM) 64-Bit Server VM (25.171-b11) for bsd-amd64 JRE (1.8.0_171-b11), built on Mar 28 2018 12:50:57 by "java_re" with gcc 4.2.1 (Based on Apple Inc. build 5658) (LLVM build 2336.11.00)

time: Fri Jul 27 16:31:41 2018
elapsed time: 116 seconds (0d 0h 1m 56s)

